[Sender]2021/08/17 06:47:24 config.go:34: set public key :get public key error
[Sender]2021/08/17 06:49:43 config.go:34: set public key :get public key error
[Sender]2021/08/17 06:52:21 config.go:42: set public key :get public key error
[Sender]2021/08/17 06:52:37 config.go:44: set public key :get public key error
[Sender]2021/08/17 06:54:41 config.go:66: set public key :get public key error
[Sender]2021/08/17 06:54:55 config.go:65: set public key :get public key error
[Sender]2021/08/17 06:55:58 config.go:65: set public key :get public key error
[Sender]2021/08/17 06:56:33 config.go:65: set public key :get public key error
[Sender]2021/08/17 06:56:46 config.go:64: set public key :get public key error
[Sender]2021/08/17 07:05:53 config.go:69: 读取公钥长度失败
[Sender]2021/08/17 07:06:40 config.go:69: 读取公钥长度失败0
[Sender]2021/08/17 07:07:34 config.go:81: 读取私钥长度失败
[Sender]2021/08/17 07:09:00 config.go:81: 读取私钥长度失败
[Sender]2021/08/17 07:09:16 config.go:28: set public key :get public key error
[Sender]2021/08/17 07:13:42 config.go:28: set public key :get public key error
[Sender]2021/08/17 07:14:55 config.go:28: set public key :get public key error
[Sender]2021/08/17 07:15:57 config.go:28: set public key :get public key error
[Sender]2021/08/17 07:16:15 config.go:28: set public key :get public key error
[Sender]2021/08/17 07:16:53 config.go:28: set public key :get public key error
[Sender]2021/08/17 07:18:59 config.go:32: set private key : get private key error
